C:\WINDOWS\DESKTOP\DOS\ALLOLD~1\LIST.EX:102
subscript value 1 is out of bounds, reading from a sequence of length 0 


Global & Local Variables

 C:\EUPHORIA\include\graphics.e:
    BLUE = 1
    CYAN = 3
    RED = 4
    BROWN = 6
    BRIGHT_BLUE = 9
    BRIGHT_CYAN = 11
    BRIGHT_RED = 12
    YELLOW = 14

 C:\EUPHORIA\include\misc.e:
    pretty_end_col = <no value>
    pretty_chars = <no value>
    pretty_start_col = <no value>
    pretty_level = <no value>
    pretty_file = <no value>
    pretty_ascii = <no value>
    pretty_indent = <no value>
    pretty_ascii_min = <no value>
    pretty_ascii_max = <no value>
    pretty_line_count = <no value>
    pretty_line_max = <no value>
    pretty_dots = <no value>
    pretty_fp_format = <no value>
    pretty_int_format = <no value>
    pretty_line = <no value>

 C:\EUPHORIA\include\file.e:
    SLASH = 92'\'
    my_dir = -2

 C:\EUPHORIA\include\get.e:
    input_file = <no value>
    input_string = <no value>
    string_next = <no value>
    ch = <no value>

 C:\EUPHORIA\include\machine.e:
    mem = 2204606904
    check_calls = 1

 C:\EUPHORIA\include\image.e:
    fn = <no value>
    error_code = <no value>
    numXPixels = <no value>
    numYPixels = <no value>
    bitCount = <no value>
    numRowBytes = <no value>
    startXPixel = <no value>
    startYPixel = <no value>
    endYPixel = <no value>

 C:\WINDOWS\DESKTOP\DOS\ALLOLD~1\font.e:
    font_index = {
                   {},
                   {
                     {},
                     {},
                     {0,1,1,1,1,1,1},
                     {1,0,0,0,0,0,0,1},
                     {1,0,1,0,0,1,0,1},
                     {1,0,0,0,0,0,0,1},
                     {1,0,0,0,0,0,0,1},
                     {1,0,1,1,1,1,0,1},
                     {1,0,0,1,1,0,0,1},
                     {1,0,0,0,0,0,0,1},
                     {1,0,0,0,0,0,0,1},
                     {0,1,1,1,1,1,1}
                   },
                   {
                     {},
                     {},
                     {0,1,1,1,1,1,1},
                     {1,1,1,1,1,1,1,1},
                     {1,1,0,1,1,0,1,1},
                     {1,1,1,1,1,1,1,1},
                     {1,1,1,1,1,1,1,1},
                     {1,1,0,0,0,0,1,1},
                     {1,1,1,0,0,1,1,1},
                     {1,1,1,1,1,1,1,1},
                     {1,1,1,1,1,1,1,1},
                     {0,1,1,1,1,1,1}
                   },
                   {
                     {},
                     {},
                     {},
                     {},
                     {0,1,1,0,1,1},
                     {1,1,1,1,1,1,1},
                     {1,1,1,1,1,1,1},
                     {1,1,1,1,1,1,1},
                     {1,1,1,1,1,1,1},
                     {0,1,1,1,1,1},
                     {0,0,1,1,1},
                     {0,0,0,1}
                   },
                   {
                     {},
                     {},
                     {},
                     {},
                     {0,0,0,1},
                     {0,0,1,1,1},
                     {0,1,1,1,1,1},
                     {1,1,1,1,1,1,1},
                     {0,1,1,1,1,1},
                     {0,0,1,1,1},
                     {0,0,0,1}
                   },
                   {
                     {},
                     {},
                     {},
                     {0,0,0,1,1},
                     {0,0,1,1,1,1},
                     {0,0,1,1,1,1},
                     {1,1,1,0,0,1,1,1},
                     {1,1,1,0,0,1,1,1},
                     {1,1,1,0,0,1,1,1},
                     {0,0,0,1,1},
                     {0,0,0,1,1},
                     {0,0,1,1,1,1}
                   },
                   {
                     {},
                     {},
                     {},
                     {0,0,0,1,1},
                     {0,0,1,1,1,1},
                     {0,1,1,1,1,1,1},
                     {1,1,1,1,1,1,1,1},
                     {1,1,1,1,1,1,1,1},
                     {0,1,1,1,1,1,1},
                     {0,0,0,1,1},
                     {0,0,0,1,1},
                     {0,0,1,1,1,1}
                   },
                   {
                     {},
                     {},
                     {},
                     {},
                     {},
                     {},
                     {0,0,0,1,1},
                     {0,0,1,1,1,1},
                     {0,0,1,1,1,1},
                     {0,0,0,1,1}
                   },
                   {
                     {1,1,1,1,1,1,1,1},
                     {1,1,1,1,1,1,1,1},
                     {1,1,1,1,1,1,1,1},
                     {1,1,1,1,1,1,1,1},
                     {1,1,1,1,1,1,1,1},
                     {1,1,1,1,1,1,1,1},
                     {1,1,1,0,0,1,1,1},
                     {1,1,0,0,0,0,1,1},
                     {1,1,0,0,0,0,1,1},
                     {1,1,1,0,0,1,1,1},
                     {1,1,1,1,1,1,1,1},
                     {1,1,1,1,1,1,1,1},
                     {1,1,1,1,1,1,1,1},
                     {1,1,1,1,1,1,1,1},
                     {1,1,1,1,1,1,1,1},
                     {1,1,1,1,1,1,1,1}
                   },
                   {
                     {},
                     {},
                     {},
                     {},
                     {},
                     {0,0,1,1,1,1},
                     {0,1,1,0,0,1,1},
                     {0,1,0,0,0,0,1},
                     {0,1,0,0,0,0,1},
                     {0,1,1,0,0,1,1},
                     {0,0,1,1,1,1}
                   },
                   {
                     {1,1,1,1,1,1,1,1},
                     {1,1,1,1,1,1,1,1},
                     {1,1,1,1,1,1,1,1},
                     {1,1,1,1,1,1,1,1},
                     {1,1,1,1,1,1,1,1},
                     {1,1,0,0,0,0,1,1},
                     {1,0,0,1,1,0,0,1},
                     {1,0,1,1,1,1,0,1},
                     {1,0,1,1,1,1,0,1},
                     {1,0,0,1,1,0,0,1},
                     {1,1,0,0,0,0,1,1},
                     {1,1,1,1,1,1,1,1},
                     {1,1,1,1,1,1,1,1},
                     {1,1,1,1,1,1,1,1},
                     {1,1,1,1,1,1,1,1},
                     {1,1,1,1,1,1,1,1}
                   },
                   {
                     {},
                     {},
                     {0,0,0,1,1,1,1},
                     {0,0,0,0,1,1,1},
                     {0,0,0,1,1,0,1},
                     {0,0,1,1,0,0,1},
                     {0,1,1,1,1},
                     {1,1,0,0,1,1},
                     {1,1,0,0,1,1},
                     {1,1,0,0,1,1},
                     {1,1,0,0,1,1},
                     {0,1,1,1,1}
                   },
                   {
                     {},
                     {},
                     {0,0,1,1,1,1},
                     {0,1,1,0,0,1,1},
                     {0,1,1,0,0,1,1},
                     {0,1,1,0,0,1,1},
                     {0,1,1,0,0,1,1},
                     {0,0,1,1,1,1},
                     {0,0,0,1,1},
                     {0,1,1,1,1,1,1},
                     {0,0,0,1,1},
                     {0,0,0,1,1}
                   },
                   {
                     {},
                     {},
                     {0,0,1,1,1,1,1,1},
                     {0,0,1,1,0,0,1,1},
                     {0,0,1,1,1,1,1,1},
                     {0,0,1,1},
                     {0,0,1,1},
                     {0,0,1,1},
                     {0,0,1,1},
                     {0,1,1,1},
                     {1,1,1,1},
                     {1,1,1}
                   },
                   {
                     {},
                     {},
                     {0,1,1,1,1,1,1,1},
                     {0,1,1,0,0,0,1,1},
                     {0,1,1,1,1,1,1,1},
                     {0,1,1,0,0,0,1,1},
                     {0,1,1,0,0,0,1,1},
                     {0,1,1,0,0,0,1,1},
                     {0,1,1,0,0,0,1,1},
                     {0,1,1,0,0,1,1,1},
                     {1,1,1,0,0,1,1,1},
                     {1,1,1,0,0,1,1},
                     {1,1}
                   },
                   {
                     {},
                     {},
                     {},
                     {0,0,0,1,1},
                     {0,0,0,1,1},
                     {1,1,0,1,1,0,1,1},
                     {0,0,1,1,1,1},
                     {1,1,1,0,0,1,1,1},
                     {0,0,1,1,1,1},
                     {1,1,0,1,1,0,1,1},
                     {0,0,0,1,1},
                     {0,0,0,1,1}
                   },
                   {
                     {},
                     {1},
                     {1,1},
                     {1,1,1},
                     {1,1,1,1},
                     {1,1,1,1,1},
                     {1,1,1,1,1,1,1},
                     {1,1,1,1,1},
                     {1,1,1,1},
                     {1,1,1},
                     {1,1},
                     {1}
                   },
                   {
                     {},
                     {0,0,0,0,0,0,1},
                     {0,0,0,0,0,1,1},
                     {0,0,0,0,1,1,1},
                     {0,0,0,1,1,1,1},
                     {0,0,1,1,1,1,1},
                     {1,1,1,1,1,1,1},
                     {0,0,1,1,1,1,1},
                     {0,0,0,1,1,1,1},
                     {0,0,0,0,1,1,1},
                     {0,0,0,0,0,1,1},
                     {0,0,0,0,0,0,1}
                   },
                   {
                     {},
                     {},
                     {0,0,0,1,1},
                     {0,0,1,1,1,1},
                     {0,1,1,1,1,1,1},
                     {0,0,0,1,1},
                     {0,0,0,1,1},
                     {0,0,0,1,1},
                     {0,1,1,1,1,1,1},
                     {0,0,1,1,1,1},
                     {0,0,0,1,1}
                   },
                   {
                     {},
                     {},
                     {0,1,1,0,0,1,1},
                     {0,1,1,0,0,1,1},
                     {0,1,1,0,0,1,1},
                     {0,1,1,0,0,1,1},
                     {0,1,1,0,0,1,1},
                     {0,1,1,0,0,1,1},
                     {0,1,1,0,0,1,1},
                     {},
                     {0,1,1,0,0,1,1},
                     {0,1,1,0,0,1,1}
                   },
                   {
                     {},
                     {},
                     {0,1,1,1,1,1,1,1},
                     {1,1,0,1,1,0,1,1},
                     {1,1,0,1,1,0,1,1},
                     {1,1,0,1,1,0,1,1},
                     {0,1,1,1,1,0,1,1},
                     {0,0,0,1,1,0,1,1},
                     {0,0,0,1,1,0,1,1},
                     {0,0,0,1,1,0,1,1},
                     {0,0,0,1,1,0,1,1},
                     {0,0,0,1,1,0,1,1}
                   },
                   {
                     {},
                     {0,1,1,1,1,1},
                     {1,1,0,0,0,1,1},
                     {0,1,1},
                     {0,0,1,1,1},
                     {0,1,1,0,1,1},
                     {1,1,0,0,0,1,1},
                     {1,1,0,0,0,1,1},
                     {0,1,1,0,1,1},
                     {0,0,1,1,1},
                     {0,0,0,0,1,1},
                     {1,1,0,0,0,1,1},
                     {0,1,1,1,1,1}
                   },
                   {
                     {},
                     {},
                     {},
                     {},
                     {},
                     {},
                     {},
                     {},
                     {1,1,1,1,1,1,1},
                     {1,1,1,1,1,1,1},
                     {1,1,1,1,1,1,1},
                     {1,1,1,1,1,1,1}
                   },
                   {
                     {},
                     {},
                     {0,0,0,1,1},
                     {0,0,1,1,1,1},
                     {0,1,1,1,1,1,1},
                     {0,0,0,1,1},
                     {0,0,0,1,1},
                     {0,0,0,1,1},
                     {0,1,1,1,1,1,1},
                     {0,0,1,1,1,1},
                     {0,0,0,1,1},
                     {0,1,1,1,1,1,1}
                   },
                   {
                     {},
                     {},
                     {0,0,0,1,1},
                     {0,0,1,1,1,1},
                     {0,1,1,1,1,1,1},
                     {0,0,0,1,1},
                     {0,0,0,1,1},
                     {0,0,0,1,1},
                     {0,0,0,1,1},
                     {0,0,0,1,1},
                     {0,0,0,1,1},
                     {0,0,0,1,1}
                   },
                   {
                     {},
                     {},
                     {0,0,0,1,1},
                     {0,0,0,1,1},
                     {0,0,0,1,1},
                     {0,0,0,1,1},
                     {0,0,0,1,1},
                     {0,0,0,1,1},
                     {0,0,0,1,1},
                     {0,1,1,1,1,1,1},
                     {0,0,1,1,1,1},
                     {0,0,0,1,1}
                   },
                   {
                     {},
                     {},
                     {},
                     {},
                     {},
                     {0,0,0,1,1},
                     {0,0,0,0,1,1},
                     {1,1,1,1,1,1,1},
                     {0,0,0,0,1,1},
                     {0,0,0,1,1}
                   },
                   {
                     {},
                     {},
                     {},
                     {},
                     {},
                     {0,0,1,1},
                     {0,1,1},
                     {1,1,1,1,1,1,1},
                     {0,1,1},
                     {0,0,1,1}
                   },
                   {
                     {},
                     {},
                     {},
                     {},
                     {},
                     {},
                     {1,1},
                     {1,1},
                     {1,1},
                     {1,1,1,1,1,1,1}
                   },
                   {
                     {},
                     {},
                     {},
                     {},
                     {},
                     {0,0,1,0,1},
                     {0,1,1,0,1,1},
                     {1,1,1,1,1,1,1},
                     {0,1,1,0,1,1},
                     {0,0,1,0,1}
                   },
                   {
                     {},
                     {},
                     {},
                     {},
                     {0,0,0,1},
                     {0,0,1,1,1},
                     {0,0,1,1,1},
                     {0,1,1,1,1,1},
                     {0,1,1,1,1,1},
                     {1,1,1,1,1,1,1},
                     {1,1,1,1,1,1,1}
                   },
                   {
                     {},
                     {},
                     {},
                     {},
                     {1,1,1,1,1,1,1},
                     {1,1,1,1,1,1,1},
                     {0,1,1,1,1,1},
                     {0,1,1,1,1,1},
                     {0,0,1,1,1},
                     {0,0,1,1,1},
                     {0,0,0,1}
                   },
                   {},
                   {
                     {},
                     {},
                     {0,0,0,1,1},
                     {0,0,1,1,1,1},
                     {0,0,1,1,1,1},
                     {0,0,1,1,1,1},
                     {0,0,0,1,1},
                     {0,0,0,1,1},
                     {0,0,0,1,1},
                     {},
                     {0,0,0,1,1},
                     {0,0,0,1,1}
                   },
                   {
                     {},
                     {0,1,1,0,0,1,1},
                     {0,1,1,0,0,1,1},
                     {0,1,1,0,0,1,1},
                     {0,0,1,0,0,1}
                   },
                   {
                     {},
                     {},
                     {},
                     {0,1,1,0,1,1},
                     {0,1,1,0,1,1},
                     {1,1,1,1,1,1,1},
                     {0,1,1,0,1,1},
                     {0,1,1,0,1,1},
                     {0,1,1,0,1,1},
                     {1,1,1,1,1,1,1},
                     {0,1,1,0,1,1},
                     {0,1,1,0,1,1}
                   },
                   {
                     {0,0,0,1,1},
                     {0,0,0,1,1},
                     {0,1,1,1,1,1},
                     {1,1,0,0,0,1,1},
                     {1,1,0,0,0,0,1},
                     {1,1},
                     {0,1,1,1,1,1},
                     {0,0,0,0,0,1,1},
                     {0,0,0,0,0,1,1},
                     {1,0,0,0,0,1,1},
                     {1,1,0,0,0,1,1},
                     {0,1,1,1,1,1},
                     {0,0,0,1,1},
                     {0,0,0,1,1}
                   },
                   {
                     {},
                     {},
                     {},
                     {},
                     {1,1,0,0,0,0,1},
                     {1,1,0,0,0,1,1},
                     {0,0,0,0,1,1},
                     {0,0,0,1,1},
                     {0,0,1,1},
                     {0,1,1},
                     {1,1,0,0,0,1,1},
                     {1,0,0,0,0,1,1}
                   },
                   {
                     {},
                     {},
                     ...

 C:\WINDOWS\DESKTOP\DOS\ALLOLD~1\LIST.EX:
    drive = {99'c',58':',92'\',101'e',117'u',112'p',104'h',111'o',114'r',
105'i',97'a',92'\'}
    d = {
          {
            {46'.'},
            {100'd'},
            0,
            2006,
            10,
            25,
            23,
            17,
            24
          },
          {
            {46'.',46'.'},
            {100'd'},
            0,
            2006,
            10,
            25,
            23,
            17,
            24
          },
          {
            {73'I',78'N',67'C',76'L',85'U',68'D',69'E'},
            {100'd'},
            0,
            2006,
            10,
            25,
            23,
            17,
            26
          },
          {
            {72'H',84'T',77'M',76'L'},
            {100'd'},
            0,
            2006,
            10,
            25,
            23,
            17,
            24
          },
          {
            {68'D',79'O',67'C'},
            {100'd'},
            0,
            2006,
            10,
            25,
            23,
            17,
            24
          },
          {
            {66'B',73'I',78'N'},
            {100'd'},
            0,
            2006,
            10,
            25,
            23,
            17,
            24
          },
          {
            {68'D',69'E',77'M',79'O'},
            {100'd'},
            0,
            2006,
            10,
            25,
            23,
            17,
            24
          },
          {
            {70'F',73'I',76'L',69'E',95'_',73'I',68'D',46'.',68'D',73'I',
90'Z'},
            {97'a'},
            376,
            2006,
            9,
            27,
            22,
            19,
            6
          },
          {
            {76'L',73'I',67'C',69'E',78'N',83'S',69'E',46'.',84'T',88'X',
84'T'},
            {97'a'},
            1134,
            2006,
            10,
            4,
            18,
            45'-',
            28
          },
          {
            {83'S',79'O',85'U',82'R',67'C',69'E'},
            {100'd'},
            0,
            2006,
            10,
            25,
            23,
            17,
            26
          },
          {
            {84'T',85'U',84'T',79'O',82'R',73'I',65'A',76'L'},
            {100'd'},
            0,
            2006,
            10,
            25,
            23,
            17,
            26
          },
          {
            {82'R',65'A',80'P',73'I',68'D',69'E',126'~',49'1',46'.',85'U',
82'R',76'L'},
            {97'a'},
            54'6',
            2006,
            10,
            25,
            23,
            17,
            26
          },
          {
            {82'R',69'E',65'A',68'D',77'M',69'E',46'.',72'H',84'T',77'M'},
            {97'a'},
            15841,
            2006,
            10,
            25,
            23,
            17,
            26
          },
          {
            {82'R',69'E',65'A',68'D',77'M',69'E',46'.',68'D',79'O',67'C'},
            {97'a'},
            10178,
            2006,
            10,
            25,
            23,
            17,
            28
          }
        }
    line = {}
    test = -1
    key = 13
    i = 14
    temp = {}
    i = 5
    j = 10
    color = 0
    number = 1
    max_number = 0
    exit_code = <no value>


